<?xml version="1.0" encoding="UTF-8"?>
<!-- Generated by org.testng.reporters.JUnitReportReporter -->
<testsuite hostname="DESKTOP-PN23O5R" name="com.parameteters.ParametersTest" tests="1" failures="0" timestamp="10 Dec 2019 23:43:20 GMT" time="7.827" errors="0">
  <testcase name="parameterss" time="7.827" classname="com.parameteters.ParametersTest"/>
</testsuite> <!-- com.parameteters.ParametersTest -->
