<?xml version="1.0" encoding="UTF-8"?>
<!-- Generated by org.testng.reporters.JUnitReportReporter -->
<testsuite hostname="DESKTOP-PN23O5R" name="com.test.InvocationCount" tests="10" failures="0" timestamp="8 Dec 2019 16:46:57 GMT" time="0.026" errors="0">
  <testcase name="sum" time="0.001" classname="com.test.InvocationCount"/>
  <testcase name="sum" time="0.000" classname="com.test.InvocationCount"/>
  <testcase name="sum" time="0.001" classname="com.test.InvocationCount"/>
  <testcase name="sum" time="0.001" classname="com.test.InvocationCount"/>
  <testcase name="sum" time="0.000" classname="com.test.InvocationCount"/>
  <testcase name="sum" time="0.020" classname="com.test.InvocationCount"/>
  <testcase name="sum" time="0.000" classname="com.test.InvocationCount"/>
  <testcase name="sum" time="0.001" classname="com.test.InvocationCount"/>
  <testcase name="sum" time="0.001" classname="com.test.InvocationCount"/>
  <testcase name="sum" time="0.001" classname="com.test.InvocationCount"/>
</testsuite> <!-- com.test.InvocationCount -->
