<?xml version="1.0" encoding="UTF-8"?>
<!-- Generated by org.testng.reporters.JUnitReportReporter -->
<testsuite hostname="DESKTOP-PN23O5R" name="com.test.ExpectExpection2" tests="1" failures="0" timestamp="8 Dec 2019 17:03:35 GMT" time="0.018" errors="0">
  <testcase name="ExpectedExceptionTest" time="0.018" classname="com.test.ExpectExpection2"/>
</testsuite> <!-- com.test.ExpectExpection2 -->
