<?xml version="1.0" encoding="UTF-8"?>
<!-- Generated by org.testng.reporters.JUnitReportReporter -->
<testsuite hostname="DESKTOP-PN23O5R" name="com.test.GoogleTitleTest" tests="2" failures="0" timestamp="8 Dec 2019 17:47:16 GMT" time="21.709" errors="0">
  <testcase name="GoogleTitleTest" time="11.133" classname="com.test.GoogleTitleTest"/>
  <testcase name="LinkTest" time="10.576" classname="com.test.GoogleTitleTest"/>
</testsuite> <!-- com.test.GoogleTitleTest -->
