<?xml version="1.0" encoding="UTF-8"?>
<!-- Generated by org.testng.reporters.JUnitReportReporter -->
<testsuite hostname="DESKTOP-PN23O5R" name="com.test.GoogleTest" tests="6" failures="0" timestamp="8 Dec 2019 17:47:16 GMT" time="62.546" errors="0">
  <testcase name="Test4" time="10.440" classname="com.test.GoogleTest"/>
  <testcase name="GoogleTitleTest" time="10.407" classname="com.test.GoogleTest"/>
  <testcase name="Test5" time="10.393" classname="com.test.GoogleTest"/>
  <testcase name="LinkTest" time="10.438" classname="com.test.GoogleTest"/>
  <testcase name="Test6" time="10.457" classname="com.test.GoogleTest"/>
  <testcase name="googlelogoTest" time="10.411" classname="com.test.GoogleTest"/>
</testsuite> <!-- com.test.GoogleTest -->
