<?xml version="1.0" encoding="UTF-8"?>
<!-- Generated by org.testng.reporters.JUnitReportReporter -->
<testsuite hostname="DESKTOP-PN23O5R" name="com.test.TestNgBascies" tests="2" failures="0" timestamp="8 Dec 2019 15:24:09 GMT" time="0.008" errors="0">
  <testcase name="GoogltTitleTest" time="0.006" classname="com.test.TestNgBascies"/>
  <testcase name="SearchTest" time="0.002" classname="com.test.TestNgBascies"/>
</testsuite> <!-- com.test.TestNgBascies -->
